{"C:\\Users\\luiz.rs\\Documents\\Projects\\glico-app\\src\\crypto\\backup.ts": {"path":"C:\\Users\\luiz.rs\\Documents\\Projects\\glico-app\\src\\crypto\\backup.ts","statementMap":{"0":{"start":{"line":21,"column":0},"end":{"line":21,"column":7}},"1":{"start":{"line":40,"column":0},"end":{"line":40,"column":7}},"2":{"start":{"line":1,"column":0},"end":{"line":1,"column":98}},"3":{"start":{"line":3,"column":16},"end":{"line":3,"column":29}},"4":{"start":{"line":4,"column":13},"end":{"line":4,"column":20}},"5":{"start":{"line":5,"column":16},"end":{"line":5,"column":18}},"6":{"start":{"line":6,"column":15},"end":{"line":6,"column":17}},"7":{"start":{"line":7,"column":17},"end":{"line":7,"column":19}},"8":{"start":{"line":13,"column":2},"end":{"line":18,"column":5}},"9":{"start":{"line":14,"column":4},"end":{"line":17,"column":7}},"10":{"start":{"line":15,"column":6},"end":{"line":16,"column":37}},"11":{"start":{"line":15,"column":23},"end":{"line":15,"column":74}},"12":{"start":{"line":16,"column":11},"end":{"line":16,"column":37}},"13":{"start":{"line":22,"column":15},"end":{"line":22,"column":74}},"14":{"start":{"line":23,"column":13},"end":{"line":23,"column":70}},"15":{"start":{"line":24,"column":14},"end":{"line":24,"column":45}},"16":{"start":{"line":25,"column":17},"end":{"line":25,"column":105}},"17":{"start":{"line":26,"column":20},"end":{"line":26,"column":64}},"18":{"start":{"line":27,"column":20},"end":{"line":27,"column":107}},"19":{"start":{"line":28,"column":19},"end":{"line":28,"column":71}},"20":{"start":{"line":29,"column":21},"end":{"line":29,"column":57}},"21":{"start":{"line":30,"column":14},"end":{"line":30,"column":71}},"22":{"start":{"line":31,"column":2},"end":{"line":37,"column":14}},"23":{"start":{"line":41,"column":16},"end":{"line":41,"column":31}},"24":{"start":{"line":42,"column":2},"end":{"line":42,"column":91}},"25":{"start":{"line":42,"column":50},"end":{"line":42,"column":91}},"26":{"start":{"line":43,"column":15},"end":{"line":43,"column":46}},"27":{"start":{"line":44,"column":13},"end":{"line":44,"column":44}},"28":{"start":{"line":45,"column":14},"end":{"line":45,"column":45}},"29":{"start":{"line":46,"column":21},"end":{"line":46,"column":52}},"30":{"start":{"line":47,"column":14},"end":{"line":47,"column":45}},"31":{"start":{"line":48,"column":19},"end":{"line":48,"column":109}},"32":{"start":{"line":51,"column":3},"end":{"line":51,"column":69}},"33":{"start":{"line":52,"column":20},"end":{"line":52,"column":110}},"34":{"start":{"line":53,"column":19},"end":{"line":53,"column":73}},"35":{"start":{"line":54,"column":20},"end":{"line":54,"column":56}},"36":{"start":{"line":55,"column":2},"end":{"line":55,"column":48}}},"fnMap":{"0":{"name":"deriveKey","decl":{"start":{"line":12,"column":9},"end":{"line":12,"column":18}},"loc":{"start":{"line":12,"column":49},"end":{"line":19,"column":1}}},"1":{"name":"(anonymous_1)","decl":{"start":{"line":13,"column":21},"end":{"line":13,"column":22}},"loc":{"start":{"line":13,"column":41},"end":{"line":18,"column":3}}},"2":{"name":"(anonymous_2)","decl":{"start":{"line":14,"column":77},"end":{"line":14,"column":78}},"loc":{"start":{"line":14,"column":117},"end":{"line":17,"column":5}}},"3":{"name":"encryptBackup","decl":{"start":{"line":21,"column":22},"end":{"line":21,"column":35}},"loc":{"start":{"line":21,"column":70},"end":{"line":38,"column":1}}},"4":{"name":"decryptBackup","decl":{"start":{"line":40,"column":22},"end":{"line":40,"column":35}},"loc":{"start":{"line":40,"column":66},"end":{"line":56,"column":1}}}},"branchMap":{"0":{"loc":{"start":{"line":15,"column":6},"end":{"line":16,"column":37}},"type":"if","locations":[{"start":{"line":15,"column":6},"end":{"line":16,"column":37}},{"start":{"line":16,"column":11},"end":{"line":16,"column":37}}]},"1":{"loc":{"start":{"line":15,"column":10},"end":{"line":15,"column":21}},"type":"binary-expr","locations":[{"start":{"line":15,"column":10},"end":{"line":15,"column":13}},{"start":{"line":15,"column":17},"end":{"line":15,"column":21}}]},"2":{"loc":{"start":{"line":15,"column":30},"end":{"line":15,"column":72}},"type":"binary-expr","locations":[{"start":{"line":15,"column":30},"end":{"line":15,"column":33}},{"start":{"line":15,"column":37},"end":{"line":15,"column":72}}]},"3":{"loc":{"start":{"line":42,"column":2},"end":{"line":42,"column":91}},"type":"if","locations":[{"start":{"line":42,"column":2},"end":{"line":42,"column":91}},{"start":{},"end":{}}]},"4":{"loc":{"start":{"line":42,"column":6},"end":{"line":42,"column":48}},"type":"binary-expr","locations":[{"start":{"line":42,"column":6},"end":{"line":42,"column":24}},{"start":{"line":42,"column":28},"end":{"line":42,"column":48}}]}},"s":{"0":1,"1":1,"2":1,"3":1,"4":1,"5":1,"6":1,"7":1,"8":4,"9":4,"10":4,"11":0,"12":4,"13":2,"14":2,"15":2,"16":2,"17":2,"18":2,"19":2,"20":2,"21":2,"22":2,"23":2,"24":2,"25":0,"26":2,"27":2,"28":2,"29":2,"30":2,"31":2,"32":2,"33":2,"34":2,"35":1,"36":1},"f":{"0":4,"1":4,"2":4,"3":2,"4":2},"b":{"0":[0,4],"1":[4,4],"2":[0,0],"3":[0,2],"4":[2,2]}}
,"C:\\Users\\luiz.rs\\Documents\\Projects\\glico-app\\src\\db\\migrations.ts": {"path":"C:\\Users\\luiz.rs\\Documents\\Projects\\glico-app\\src\\db\\migrations.ts","statementMap":{"0":{"start":{"line":11,"column":0},"end":{"line":11,"column":16}},"1":{"start":{"line":20,"column":0},"end":{"line":20,"column":16}},"2":{"start":{"line":2,"column":0},"end":{"line":2,"column":61}},"3":{"start":{"line":12,"column":2},"end":{"line":17,"column":3}},"4":{"start":{"line":13,"column":16},"end":{"line":13,"column":102}},"5":{"start":{"line":14,"column":4},"end":{"line":14,"column":36}},"6":{"start":{"line":16,"column":4},"end":{"line":16,"column":13}},"7":{"start":{"line":21,"column":12},"end":{"line":21,"column":33}},"8":{"start":{"line":22,"column":2},"end":{"line":28,"column":3}},"9":{"start":{"line":23,"column":4},"end":{"line":23,"column":48}},"10":{"start":{"line":23,"column":34},"end":{"line":23,"column":48}},"11":{"start":{"line":24,"column":4},"end":{"line":27,"column":6}}},"fnMap":{"0":{"name":"getCurrentVersion","decl":{"start":{"line":11,"column":16},"end":{"line":11,"column":33}},"loc":{"start":{"line":11,"column":44},"end":{"line":18,"column":1}}},"1":{"name":"runMigrations","decl":{"start":{"line":20,"column":16},"end":{"line":20,"column":29}},"loc":{"start":{"line":20,"column":40},"end":{"line":30,"column":1}}}},"branchMap":{"0":{"loc":{"start":{"line":14,"column":11},"end":{"line":14,"column":35}},"type":"binary-expr","locations":[{"start":{"line":14,"column":11},"end":{"line":14,"column":30}},{"start":{"line":14,"column":34},"end":{"line":14,"column":35}}]},"1":{"loc":{"start":{"line":22,"column":2},"end":{"line":28,"column":3}},"type":"if","locations":[{"start":{"line":22,"column":2},"end":{"line":28,"column":3}},{"start":{},"end":{}}]}},"s":{"0":6,"1":6,"2":6,"3":39,"4":39,"5":3,"6":36,"7":37,"8":37,"9":36,"10":252,"11":36},"f":{"0":39,"1":37},"b":{"0":[3,0],"1":[36,1]}}
,"C:\\Users\\luiz.rs\\Documents\\Projects\\glico-app\\src\\db\\schema.ts": {"path":"C:\\Users\\luiz.rs\\Documents\\Projects\\glico-app\\src\\db\\schema.ts","statementMap":{"0":{"start":{"line":2,"column":13},"end":{"line":66,"column":2}},"1":{"start":{"line":68,"column":13},"end":{"line":68,"column":40}}},"fnMap":{},"branchMap":{},"s":{"0":6,"1":6},"f":{},"b":{}}
,"C:\\Users\\luiz.rs\\Documents\\Projects\\glico-app\\src\\db\\seed.ts": {"path":"C:\\Users\\luiz.rs\\Documents\\Projects\\glico-app\\src\\db\\seed.ts","statementMap":{"0":{"start":{"line":13,"column":0},"end":{"line":13,"column":16}},"1":{"start":{"line":4,"column":70},"end":{"line":11,"column":2}},"2":{"start":{"line":14,"column":19},"end":{"line":14,"column":78}},"3":{"start":{"line":15,"column":2},"end":{"line":15,"column":37}},"4":{"start":{"line":15,"column":30},"end":{"line":15,"column":37}},"5":{"start":{"line":16,"column":14},"end":{"line":16,"column":24}},"6":{"start":{"line":17,"column":2},"end":{"line":23,"column":3}},"7":{"start":{"line":18,"column":4},"end":{"line":22,"column":6}}},"fnMap":{"0":{"name":"seedDefaults","decl":{"start":{"line":13,"column":16},"end":{"line":13,"column":28}},"loc":{"start":{"line":13,"column":39},"end":{"line":24,"column":1}}}},"branchMap":{"0":{"loc":{"start":{"line":15,"column":2},"end":{"line":15,"column":37}},"type":"if","locations":[{"start":{"line":15,"column":2},"end":{"line":15,"column":37}},{"start":{},"end":{}}]},"1":{"loc":{"start":{"line":15,"column":7},"end":{"line":15,"column":23}},"type":"binary-expr","locations":[{"start":{"line":15,"column":7},"end":{"line":15,"column":18}},{"start":{"line":15,"column":22},"end":{"line":15,"column":23}}]}},"s":{"0":2,"1":2,"2":12,"3":12,"4":1,"5":11,"6":11,"7":66},"f":{"0":12},"b":{"0":[1,11],"1":[12,0]}}
,"C:\\Users\\luiz.rs\\Documents\\Projects\\glico-app\\src\\domain\\hypo.ts": {"path":"C:\\Users\\luiz.rs\\Documents\\Projects\\glico-app\\src\\domain\\hypo.ts","statementMap":{"0":{"start":{"line":43,"column":0},"end":{"line":43,"column":16}},"1":{"start":{"line":19,"column":2},"end":{"line":30,"column":4}},"2":{"start":{"line":44,"column":2},"end":{"line":90,"column":4}},"3":{"start":{"line":46,"column":18},"end":{"line":46,"column":28}},"4":{"start":{"line":47,"column":16},"end":{"line":50,"column":null}},"5":{"start":{"line":52,"column":28},"end":{"line":52,"column":45}},"6":{"start":{"line":53,"column":16},"end":{"line":64,"column":null}},"7":{"start":{"line":66,"column":6},"end":{"line":66,"column":63}},"8":{"start":{"line":69,"column":6},"end":{"line":72,"column":8}},"9":{"start":{"line":75,"column":16},"end":{"line":75,"column":76}},"10":{"start":{"line":76,"column":6},"end":{"line":76,"column":36}},"11":{"start":{"line":79,"column":16},"end":{"line":79,"column":99}},"12":{"start":{"line":80,"column":6},"end":{"line":80,"column":36}},"13":{"start":{"line":83,"column":16},"end":{"line":86,"column":null}},"14":{"start":{"line":88,"column":6},"end":{"line":88,"column":23}}},"fnMap":{"0":{"name":"toDomain","decl":{"start":{"line":18,"column":9},"end":{"line":18,"column":17}},"loc":{"start":{"line":18,"column":26},"end":{"line":31,"column":1}}},"1":{"name":"hypoRepo","decl":{"start":{"line":43,"column":16},"end":{"line":43,"column":24}},"loc":{"start":{"line":43,"column":35},"end":{"line":91,"column":1}}},"2":{"name":"(anonymous_2)","decl":{"start":{"line":45,"column":4},"end":{"line":45,"column":11}},"loc":{"start":{"line":45,"column":28},"end":{"line":67,"column":5}}},"3":{"name":"(anonymous_3)","decl":{"start":{"line":68,"column":4},"end":{"line":68,"column":16}},"loc":{"start":{"line":68,"column":91},"end":{"line":73,"column":5}}},"4":{"name":"(anonymous_4)","decl":{"start":{"line":74,"column":4},"end":{"line":74,"column":12}},"loc":{"start":{"line":74,"column":23},"end":{"line":77,"column":5}}},"5":{"name":"(anonymous_5)","decl":{"start":{"line":78,"column":4},"end":{"line":78,"column":23}},"loc":{"start":{"line":78,"column":45},"end":{"line":81,"column":5}}},"6":{"name":"(anonymous_6)","decl":{"start":{"line":82,"column":4},"end":{"line":82,"column":16}},"loc":{"start":{"line":82,"column":45},"end":{"line":89,"column":5}}}},"branchMap":{"0":{"loc":{"start":{"line":22,"column":14},"end":{"line":22,"column":73}},"type":"cond-expr","locations":[{"start":{"line":22,"column":28},"end":{"line":22,"column":68}},{"start":{"line":22,"column":71},"end":{"line":22,"column":73}}]},"1":{"loc":{"start":{"line":59,"column":10},"end":{"line":59,"column":33}},"type":"binary-expr","locations":[{"start":{"line":59,"column":10},"end":{"line":59,"column":25}},{"start":{"line":59,"column":29},"end":{"line":59,"column":33}}]},"2":{"loc":{"start":{"line":60,"column":10},"end":{"line":60,"column":38}},"type":"binary-expr","locations":[{"start":{"line":60,"column":10},"end":{"line":60,"column":30}},{"start":{"line":60,"column":34},"end":{"line":60,"column":38}}]},"3":{"loc":{"start":{"line":61,"column":10},"end":{"line":61,"column":34}},"type":"binary-expr","locations":[{"start":{"line":61,"column":10},"end":{"line":61,"column":26}},{"start":{"line":61,"column":30},"end":{"line":61,"column":34}}]},"4":{"loc":{"start":{"line":62,"column":10},"end":{"line":62,"column":28}},"type":"binary-expr","locations":[{"start":{"line":62,"column":10},"end":{"line":62,"column":20}},{"start":{"line":62,"column":24},"end":{"line":62,"column":28}}]},"5":{"loc":{"start":{"line":76,"column":13},"end":{"line":76,"column":35}},"type":"cond-expr","locations":[{"start":{"line":76,"column":17},"end":{"line":76,"column":28}},{"start":{"line":76,"column":31},"end":{"line":76,"column":35}}]},"6":{"loc":{"start":{"line":80,"column":13},"end":{"line":80,"column":35}},"type":"cond-expr","locations":[{"start":{"line":80,"column":17},"end":{"line":80,"column":28}},{"start":{"line":80,"column":31},"end":{"line":80,"column":35}}]},"7":{"loc":{"start":{"line":88,"column":13},"end":{"line":88,"column":22}},"type":"binary-expr","locations":[{"start":{"line":88,"column":13},"end":{"line":88,"column":17}},{"start":{"line":88,"column":21},"end":{"line":88,"column":22}}]}},"s":{"0":1,"1":2,"2":6,"3":5,"4":5,"5":5,"6":5,"7":5,"8":1,"9":2,"10":2,"11":2,"12":2,"13":3,"14":3},"f":{"0":2,"1":6,"2":5,"3":1,"4":2,"5":2,"6":3},"b":{"0":[2,0],"1":[5,4],"2":[5,4],"3":[5,5],"4":[5,5],"5":[1,1],"6":[1,1],"7":[3,0]}}
,"C:\\Users\\luiz.rs\\Documents\\Projects\\glico-app\\src\\domain\\insulin.ts": {"path":"C:\\Users\\luiz.rs\\Documents\\Projects\\glico-app\\src\\domain\\insulin.ts","statementMap":{"0":{"start":{"line":40,"column":0},"end":{"line":40,"column":16}},"1":{"start":{"line":18,"column":2},"end":{"line":28,"column":4}},"2":{"start":{"line":41,"column":2},"end":{"line":101,"column":4}},"3":{"start":{"line":43,"column":16},"end":{"line":46,"column":null}},"4":{"start":{"line":48,"column":6},"end":{"line":48,"column":31}},"5":{"start":{"line":51,"column":6},"end":{"line":51,"column":86}},"6":{"start":{"line":54,"column":6},"end":{"line":54,"column":77}},"7":{"start":{"line":57,"column":20},"end":{"line":57,"column":35}},"8":{"start":{"line":57,"column":37},"end":{"line":57,"column":64}},"9":{"start":{"line":58,"column":18},"end":{"line":58,"column":33}},"10":{"start":{"line":58,"column":35},"end":{"line":58,"column":65}},"11":{"start":{"line":59,"column":19},"end":{"line":63,"column":null}},"12":{"start":{"line":65,"column":6},"end":{"line":65,"column":32}},"13":{"start":{"line":68,"column":16},"end":{"line":72,"column":null}},"14":{"start":{"line":74,"column":6},"end":{"line":74,"column":38}},"15":{"start":{"line":77,"column":19},"end":{"line":81,"column":null}},"16":{"start":{"line":83,"column":6},"end":{"line":83,"column":32}},"17":{"start":{"line":86,"column":21},"end":{"line":86,"column":54}},"18":{"start":{"line":87,"column":16},"end":{"line":91,"column":null}},"19":{"start":{"line":93,"column":20},"end":{"line":93,"column":33}},"20":{"start":{"line":94,"column":20},"end":{"line":94,"column":33}},"21":{"start":{"line":95,"column":6},"end":{"line":99,"column":8}}},"fnMap":{"0":{"name":"toDomain","decl":{"start":{"line":17,"column":9},"end":{"line":17,"column":17}},"loc":{"start":{"line":17,"column":26},"end":{"line":29,"column":1}}},"1":{"name":"insulinRepo","decl":{"start":{"line":40,"column":16},"end":{"line":40,"column":27}},"loc":{"start":{"line":40,"column":38},"end":{"line":102,"column":1}}},"2":{"name":"(anonymous_2)","decl":{"start":{"line":42,"column":4},"end":{"line":42,"column":10}},"loc":{"start":{"line":42,"column":26},"end":{"line":49,"column":5}}},"3":{"name":"(anonymous_3)","decl":{"start":{"line":50,"column":4},"end":{"line":50,"column":14}},"loc":{"start":{"line":50,"column":25},"end":{"line":52,"column":5}}},"4":{"name":"(anonymous_4)","decl":{"start":{"line":53,"column":4},"end":{"line":53,"column":11}},"loc":{"start":{"line":53,"column":22},"end":{"line":55,"column":5}}},"5":{"name":"(anonymous_5)","decl":{"start":{"line":56,"column":4},"end":{"line":56,"column":13}},"loc":{"start":{"line":56,"column":27},"end":{"line":66,"column":5}}},"6":{"name":"(anonymous_6)","decl":{"start":{"line":67,"column":4},"end":{"line":67,"column":16}},"loc":{"start":{"line":67,"column":34},"end":{"line":75,"column":5}}},"7":{"name":"(anonymous_7)","decl":{"start":{"line":76,"column":4},"end":{"line":76,"column":21}},"loc":{"start":{"line":76,"column":43},"end":{"line":84,"column":5}}},"8":{"name":"(anonymous_8)","decl":{"start":{"line":85,"column":4},"end":{"line":85,"column":17}},"loc":{"start":{"line":85,"column":49},"end":{"line":100,"column":5}}}},"branchMap":{"0":{"loc":{"start":{"line":46,"column":33},"end":{"line":46,"column":55}},"type":"binary-expr","locations":[{"start":{"line":46,"column":33},"end":{"line":46,"column":47}},{"start":{"line":46,"column":51},"end":{"line":46,"column":55}}]},"1":{"loc":{"start":{"line":46,"column":68},"end":{"line":46,"column":91}},"type":"binary-expr","locations":[{"start":{"line":46,"column":68},"end":{"line":46,"column":83}},{"start":{"line":46,"column":87},"end":{"line":46,"column":91}}]},"2":{"loc":{"start":{"line":46,"column":93},"end":{"line":46,"column":107}},"type":"binary-expr","locations":[{"start":{"line":46,"column":93},"end":{"line":46,"column":99}},{"start":{"line":46,"column":103},"end":{"line":46,"column":107}}]},"3":{"loc":{"start":{"line":74,"column":13},"end":{"line":74,"column":37}},"type":"binary-expr","locations":[{"start":{"line":74,"column":13},"end":{"line":74,"column":29}},{"start":{"line":74,"column":33},"end":{"line":74,"column":37}}]},"4":{"loc":{"start":{"line":93,"column":20},"end":{"line":93,"column":33}},"type":"binary-expr","locations":[{"start":{"line":93,"column":20},"end":{"line":93,"column":28}},{"start":{"line":93,"column":32},"end":{"line":93,"column":33}}]},"5":{"loc":{"start":{"line":94,"column":20},"end":{"line":94,"column":33}},"type":"binary-expr","locations":[{"start":{"line":94,"column":20},"end":{"line":94,"column":28}},{"start":{"line":94,"column":32},"end":{"line":94,"column":33}}]},"6":{"loc":{"start":{"line":98,"column":19},"end":{"line":98,"column":70}},"type":"cond-expr","locations":[{"start":{"line":98,"column":30},"end":{"line":98,"column":66}},{"start":{"line":98,"column":69},"end":{"line":98,"column":70}}]}},"s":{"0":1,"1":4,"2":8,"3":14,"4":14,"5":3,"6":1,"7":3,"8":3,"9":3,"10":3,"11":3,"12":3,"13":3,"14":3,"15":1,"16":1,"17":3,"18":3,"19":3,"20":3,"21":3},"f":{"0":4,"1":8,"2":14,"3":3,"4":1,"5":3,"6":3,"7":1,"8":3},"b":{"0":[14,10],"1":[14,11],"2":[14,14],"3":[3,1],"4":[3,1],"5":[3,0],"6":[3,0]}}
,"C:\\Users\\luiz.rs\\Documents\\Projects\\glico-app\\src\\domain\\measurement.ts": {"path":"C:\\Users\\luiz.rs\\Documents\\Projects\\glico-app\\src\\domain\\measurement.ts","statementMap":{"0":{"start":{"line":39,"column":0},"end":{"line":39,"column":16}},"1":{"start":{"line":18,"column":2},"end":{"line":28,"column":4}},"2":{"start":{"line":40,"column":2},"end":{"line":112,"column":4}},"3":{"start":{"line":42,"column":18},"end":{"line":42,"column":28}},"4":{"start":{"line":43,"column":16},"end":{"line":46,"column":null}},"5":{"start":{"line":48,"column":6},"end":{"line":48,"column":31}},"6":{"start":{"line":51,"column":6},"end":{"line":51,"column":85}},"7":{"start":{"line":54,"column":6},"end":{"line":54,"column":76}},"8":{"start":{"line":57,"column":20},"end":{"line":57,"column":35}},"9":{"start":{"line":57,"column":37},"end":{"line":57,"column":64}},"10":{"start":{"line":58,"column":18},"end":{"line":58,"column":33}},"11":{"start":{"line":58,"column":35},"end":{"line":58,"column":65}},"12":{"start":{"line":59,"column":6},"end":{"line":59,"column":62}},"13":{"start":{"line":62,"column":19},"end":{"line":66,"column":null}},"14":{"start":{"line":68,"column":6},"end":{"line":68,"column":32}},"15":{"start":{"line":71,"column":16},"end":{"line":71,"column":77}},"16":{"start":{"line":72,"column":6},"end":{"line":72,"column":36}},"17":{"start":{"line":75,"column":16},"end":{"line":78,"column":null}},"18":{"start":{"line":80,"column":6},"end":{"line":80,"column":29}},"19":{"start":{"line":83,"column":16},"end":{"line":84,"column":null}},"20":{"start":{"line":86,"column":6},"end":{"line":86,"column":36}},"21":{"start":{"line":89,"column":16},"end":{"line":93,"column":null}},"22":{"start":{"line":95,"column":6},"end":{"line":95,"column":36}},"23":{"start":{"line":98,"column":18},"end":{"line":98,"column":35}},"24":{"start":{"line":99,"column":6},"end":{"line":99,"column":23}},"25":{"start":{"line":99,"column":16},"end":{"line":99,"column":23}},"26":{"start":{"line":100,"column":6},"end":{"line":110,"column":8}}},"fnMap":{"0":{"name":"toDomain","decl":{"start":{"line":17,"column":9},"end":{"line":17,"column":17}},"loc":{"start":{"line":17,"column":26},"end":{"line":29,"column":1}}},"1":{"name":"measurementRepo","decl":{"start":{"line":39,"column":16},"end":{"line":39,"column":31}},"loc":{"start":{"line":39,"column":42},"end":{"line":113,"column":1}}},"2":{"name":"(anonymous_2)","decl":{"start":{"line":41,"column":4},"end":{"line":41,"column":10}},"loc":{"start":{"line":41,"column":34},"end":{"line":49,"column":5}}},"3":{"name":"(anonymous_3)","decl":{"start":{"line":50,"column":4},"end":{"line":50,"column":14}},"loc":{"start":{"line":50,"column":25},"end":{"line":52,"column":5}}},"4":{"name":"(anonymous_4)","decl":{"start":{"line":53,"column":4},"end":{"line":53,"column":11}},"loc":{"start":{"line":53,"column":22},"end":{"line":55,"column":5}}},"5":{"name":"(anonymous_5)","decl":{"start":{"line":56,"column":4},"end":{"line":56,"column":13}},"loc":{"start":{"line":56,"column":27},"end":{"line":60,"column":5}}},"6":{"name":"(anonymous_6)","decl":{"start":{"line":61,"column":4},"end":{"line":61,"column":15}},"loc":{"start":{"line":61,"column":44},"end":{"line":69,"column":5}}},"7":{"name":"(anonymous_7)","decl":{"start":{"line":70,"column":4},"end":{"line":70,"column":12}},"loc":{"start":{"line":70,"column":23},"end":{"line":73,"column":5}}},"8":{"name":"(anonymous_8)","decl":{"start":{"line":74,"column":4},"end":{"line":74,"column":26}},"loc":{"start":{"line":74,"column":55},"end":{"line":81,"column":5}}},"9":{"name":"(anonymous_9)","decl":{"start":{"line":82,"column":4},"end":{"line":82,"column":10}},"loc":{"start":{"line":82,"column":10},"end":{"line":87,"column":5}}},"10":{"name":"(anonymous_10)","decl":{"start":{"line":88,"column":4},"end":{"line":88,"column":18}},"loc":{"start":{"line":88,"column":29},"end":{"line":96,"column":5}}},"11":{"name":"(anonymous_11)","decl":{"start":{"line":97,"column":4},"end":{"line":97,"column":10}},"loc":{"start":{"line":97,"column":104},"end":{"line":111,"column":5}}}},"branchMap":{"0":{"loc":{"start":{"line":23,"column":16},"end":{"line":23,"column":57}},"type":"binary-expr","locations":[{"start":{"line":23,"column":16},"end":{"line":23,"column":49}},{"start":{"line":23,"column":53},"end":{"line":23,"column":57}}]},"1":{"loc":{"start":{"line":46,"column":59},"end":{"line":46,"column":82}},"type":"binary-expr","locations":[{"start":{"line":46,"column":59},"end":{"line":46,"column":74}},{"start":{"line":46,"column":78},"end":{"line":46,"column":82}}]},"2":{"loc":{"start":{"line":46,"column":84},"end":{"line":46,"column":102}},"type":"binary-expr","locations":[{"start":{"line":46,"column":84},"end":{"line":46,"column":94}},{"start":{"line":46,"column":98},"end":{"line":46,"column":102}}]},"3":{"loc":{"start":{"line":72,"column":13},"end":{"line":72,"column":35}},"type":"cond-expr","locations":[{"start":{"line":72,"column":17},"end":{"line":72,"column":28}},{"start":{"line":72,"column":31},"end":{"line":72,"column":35}}]},"4":{"loc":{"start":{"line":80,"column":14},"end":{"line":80,"column":23}},"type":"binary-expr","locations":[{"start":{"line":80,"column":14},"end":{"line":80,"column":18}},{"start":{"line":80,"column":22},"end":{"line":80,"column":23}}]},"5":{"loc":{"start":{"line":86,"column":13},"end":{"line":86,"column":35}},"type":"cond-expr","locations":[{"start":{"line":86,"column":17},"end":{"line":86,"column":28}},{"start":{"line":86,"column":31},"end":{"line":86,"column":35}}]},"6":{"loc":{"start":{"line":95,"column":13},"end":{"line":95,"column":35}},"type":"cond-expr","locations":[{"start":{"line":95,"column":17},"end":{"line":95,"column":28}},{"start":{"line":95,"column":31},"end":{"line":95,"column":35}}]},"7":{"loc":{"start":{"line":99,"column":6},"end":{"line":99,"column":23}},"type":"if","locations":[{"start":{"line":99,"column":6},"end":{"line":99,"column":23}},{"start":{},"end":{}}]},"8":{"loc":{"start":{"line":103,"column":10},"end":{"line":103,"column":42}},"type":"binary-expr","locations":[{"start":{"line":103,"column":10},"end":{"line":103,"column":25}},{"start":{"line":103,"column":29},"end":{"line":103,"column":42}}]},"9":{"loc":{"start":{"line":104,"column":10},"end":{"line":104,"column":38}},"type":"binary-expr","locations":[{"start":{"line":104,"column":10},"end":{"line":104,"column":23}},{"start":{"line":104,"column":27},"end":{"line":104,"column":38}}]},"10":{"loc":{"start":{"line":105,"column":10},"end":{"line":105,"column":73}},"type":"cond-expr","locations":[{"start":{"line":105,"column":42},"end":{"line":105,"column":55}},{"start":{"line":105,"column":58},"end":{"line":105,"column":73}}]},"11":{"loc":{"start":{"line":106,"column":10},"end":{"line":106,"column":58}},"type":"cond-expr","locations":[{"start":{"line":106,"column":37},"end":{"line":106,"column":45}},{"start":{"line":106,"column":48},"end":{"line":106,"column":58}}]}},"s":{"0":2,"1":10,"2":11,"3":12,"4":12,"5":12,"6":2,"7":1,"8":3,"9":3,"10":3,"11":3,"12":3,"13":4,"14":4,"15":5,"16":5,"17":2,"18":2,"19":1,"20":1,"21":3,"22":3,"23":2,"24":2,"25":1,"26":1},"f":{"0":10,"1":11,"2":12,"3":2,"4":1,"5":3,"6":4,"7":5,"8":2,"9":1,"10":3,"11":2},"b":{"0":[10,9],"1":[12,11],"2":[12,12],"3":[3,2],"4":[2,0],"5":[1,0],"6":[2,1],"7":[1,1],"8":[1,0],"9":[1,0],"10":[1,0],"11":[0,1]}}
,"C:\\Users\\luiz.rs\\Documents\\Projects\\glico-app\\src\\domain\\reminder.ts": {"path":"C:\\Users\\luiz.rs\\Documents\\Projects\\glico-app\\src\\domain\\reminder.ts","statementMap":{"0":{"start":{"line":38,"column":0},"end":{"line":38,"column":16}},"1":{"start":{"line":17,"column":2},"end":{"line":26,"column":4}},"2":{"start":{"line":39,"column":2},"end":{"line":89,"column":4}},"3":{"start":{"line":41,"column":6},"end":{"line":41,"column":92}},"4":{"start":{"line":44,"column":6},"end":{"line":44,"column":110}},"5":{"start":{"line":47,"column":16},"end":{"line":47,"column":74}},"6":{"start":{"line":48,"column":6},"end":{"line":48,"column":36}},"7":{"start":{"line":51,"column":16},"end":{"line":62,"column":null}},"8":{"start":{"line":64,"column":6},"end":{"line":64,"column":31}},"9":{"start":{"line":67,"column":18},"end":{"line":67,"column":35}},"10":{"start":{"line":68,"column":6},"end":{"line":68,"column":23}},"11":{"start":{"line":68,"column":16},"end":{"line":68,"column":23}},"12":{"start":{"line":69,"column":6},"end":{"line":81,"column":8}},"13":{"start":{"line":84,"column":6},"end":{"line":84,"column":84}},"14":{"start":{"line":87,"column":6},"end":{"line":87,"column":56}}},"fnMap":{"0":{"name":"toDomain","decl":{"start":{"line":16,"column":9},"end":{"line":16,"column":17}},"loc":{"start":{"line":16,"column":26},"end":{"line":27,"column":1}}},"1":{"name":"reminderRepo","decl":{"start":{"line":38,"column":16},"end":{"line":38,"column":28}},"loc":{"start":{"line":38,"column":39},"end":{"line":90,"column":1}}},"2":{"name":"(anonymous_2)","decl":{"start":{"line":40,"column":4},"end":{"line":40,"column":11}},"loc":{"start":{"line":40,"column":11},"end":{"line":42,"column":5}}},"3":{"name":"(anonymous_3)","decl":{"start":{"line":43,"column":4},"end":{"line":43,"column":15}},"loc":{"start":{"line":43,"column":15},"end":{"line":45,"column":5}}},"4":{"name":"(anonymous_4)","decl":{"start":{"line":46,"column":4},"end":{"line":46,"column":12}},"loc":{"start":{"line":46,"column":23},"end":{"line":49,"column":5}}},"5":{"name":"(anonymous_5)","decl":{"start":{"line":50,"column":4},"end":{"line":50,"column":10}},"loc":{"start":{"line":50,"column":27},"end":{"line":65,"column":5}}},"6":{"name":"(anonymous_6)","decl":{"start":{"line":66,"column":4},"end":{"line":66,"column":10}},"loc":{"start":{"line":66,"column":52},"end":{"line":82,"column":5}}},"7":{"name":"(anonymous_7)","decl":{"start":{"line":83,"column":4},"end":{"line":83,"column":14}},"loc":{"start":{"line":83,"column":43},"end":{"line":85,"column":5}}},"8":{"name":"(anonymous_8)","decl":{"start":{"line":86,"column":4},"end":{"line":86,"column":10}},"loc":{"start":{"line":86,"column":21},"end":{"line":88,"column":5}}}},"branchMap":{"0":{"loc":{"start":{"line":21,"column":18},"end":{"line":21,"column":66}},"type":"binary-expr","locations":[{"start":{"line":21,"column":18},"end":{"line":21,"column":58}},{"start":{"line":21,"column":62},"end":{"line":21,"column":66}}]},"1":{"loc":{"start":{"line":48,"column":13},"end":{"line":48,"column":35}},"type":"cond-expr","locations":[{"start":{"line":48,"column":17},"end":{"line":48,"column":28}},{"start":{"line":48,"column":31},"end":{"line":48,"column":35}}]},"2":{"loc":{"start":{"line":57,"column":10},"end":{"line":57,"column":31}},"type":"binary-expr","locations":[{"start":{"line":57,"column":10},"end":{"line":57,"column":23}},{"start":{"line":57,"column":27},"end":{"line":57,"column":31}}]},"3":{"loc":{"start":{"line":58,"column":10},"end":{"line":58,"column":35}},"type":"binary-expr","locations":[{"start":{"line":58,"column":10},"end":{"line":58,"column":22}},{"start":{"line":58,"column":26},"end":{"line":58,"column":35}}]},"4":{"loc":{"start":{"line":59,"column":10},"end":{"line":59,"column":34}},"type":"binary-expr","locations":[{"start":{"line":59,"column":10},"end":{"line":59,"column":28}},{"start":{"line":59,"column":32},"end":{"line":59,"column":34}}]},"5":{"loc":{"start":{"line":60,"column":10},"end":{"line":60,"column":37}},"type":"cond-expr","locations":[{"start":{"line":60,"column":32},"end":{"line":60,"column":33}},{"start":{"line":60,"column":36},"end":{"line":60,"column":37}}]},"6":{"loc":{"start":{"line":68,"column":6},"end":{"line":68,"column":23}},"type":"if","locations":[{"start":{"line":68,"column":6},"end":{"line":68,"column":23}},{"start":{},"end":{}}]},"7":{"loc":{"start":{"line":73,"column":10},"end":{"line":73,"column":34}},"type":"binary-expr","locations":[{"start":{"line":73,"column":10},"end":{"line":73,"column":21}},{"start":{"line":73,"column":25},"end":{"line":73,"column":34}}]},"8":{"loc":{"start":{"line":74,"column":10},"end":{"line":74,"column":42}},"type":"binary-expr","locations":[{"start":{"line":74,"column":10},"end":{"line":74,"column":25}},{"start":{"line":74,"column":29},"end":{"line":74,"column":42}}]},"9":{"loc":{"start":{"line":75,"column":10},"end":{"line":75,"column":46}},"type":"binary-expr","locations":[{"start":{"line":75,"column":10},"end":{"line":75,"column":27}},{"start":{"line":75,"column":31},"end":{"line":75,"column":46}}]},"10":{"loc":{"start":{"line":76,"column":10},"end":{"line":76,"column":44}},"type":"binary-expr","locations":[{"start":{"line":76,"column":10},"end":{"line":76,"column":26}},{"start":{"line":76,"column":30},"end":{"line":76,"column":44}}]},"11":{"loc":{"start":{"line":77,"column":10},"end":{"line":77,"column":56}},"type":"binary-expr","locations":[{"start":{"line":77,"column":10},"end":{"line":77,"column":32}},{"start":{"line":77,"column":36},"end":{"line":77,"column":56}}]},"12":{"loc":{"start":{"line":78,"column":10},"end":{"line":78,"column":85}},"type":"cond-expr","locations":[{"start":{"line":78,"column":41},"end":{"line":78,"column":60}},{"start":{"line":78,"column":64},"end":{"line":78,"column":85}}]},"13":{"loc":{"start":{"line":78,"column":41},"end":{"line":78,"column":60}},"type":"cond-expr","locations":[{"start":{"line":78,"column":55},"end":{"line":78,"column":56}},{"start":{"line":78,"column":59},"end":{"line":78,"column":60}}]},"14":{"loc":{"start":{"line":78,"column":64},"end":{"line":78,"column":85}},"type":"cond-expr","locations":[{"start":{"line":78,"column":80},"end":{"line":78,"column":81}},{"start":{"line":78,"column":84},"end":{"line":78,"column":85}}]},"15":{"loc":{"start":{"line":84,"column":62},"end":{"line":84,"column":77}},"type":"cond-expr","locations":[{"start":{"line":84,"column":72},"end":{"line":84,"column":73}},{"start":{"line":84,"column":76},"end":{"line":84,"column":77}}]}},"s":{"0":1,"1":60,"2":7,"3":8,"4":1,"5":9,"6":9,"7":1,"8":1,"9":4,"10":4,"11":1,"12":3,"13":1,"14":1},"f":{"0":60,"1":7,"2":8,"3":1,"4":9,"5":1,"6":4,"7":1,"8":1},"b":{"0":[60,2],"1":[7,2],"2":[1,1],"3":[1,1],"4":[1,1],"5":[0,1],"6":[1,3],"7":[3,1],"8":[3,2],"9":[3,3],"10":[3,3],"11":[3,3],"12":[2,1],"13":[2,0],"14":[0,1],"15":[0,1]}}
,"C:\\Users\\luiz.rs\\Documents\\Projects\\glico-app\\src\\domain\\settings.ts": {"path":"C:\\Users\\luiz.rs\\Documents\\Projects\\glico-app\\src\\domain\\settings.ts","statementMap":{"0":{"start":{"line":39,"column":0},"end":{"line":39,"column":16}},"1":{"start":{"line":22,"column":2},"end":{"line":36,"column":4}},"2":{"start":{"line":40,"column":2},"end":{"line":70,"column":4}},"3":{"start":{"line":42,"column":16},"end":{"line":42,"column":68}},"4":{"start":{"line":43,"column":6},"end":{"line":43,"column":70}},"5":{"start":{"line":43,"column":14},"end":{"line":43,"column":70}},"6":{"start":{"line":44,"column":6},"end":{"line":44,"column":25}},"7":{"start":{"line":47,"column":18},"end":{"line":47,"column":28}},"8":{"start":{"line":48,"column":19},"end":{"line":48,"column":39}},"9":{"start":{"line":49,"column":6},"end":{"line":68,"column":8}}},"fnMap":{"0":{"name":"toDomain","decl":{"start":{"line":21,"column":9},"end":{"line":21,"column":17}},"loc":{"start":{"line":21,"column":26},"end":{"line":37,"column":1}}},"1":{"name":"settingsRepo","decl":{"start":{"line":39,"column":16},"end":{"line":39,"column":28}},"loc":{"start":{"line":39,"column":39},"end":{"line":71,"column":1}}},"2":{"name":"(anonymous_2)","decl":{"start":{"line":41,"column":4},"end":{"line":41,"column":7}},"loc":{"start":{"line":41,"column":7},"end":{"line":45,"column":5}}},"3":{"name":"(anonymous_3)","decl":{"start":{"line":46,"column":4},"end":{"line":46,"column":10}},"loc":{"start":{"line":46,"column":65},"end":{"line":69,"column":5}}}},"branchMap":{"0":{"loc":{"start":{"line":43,"column":6},"end":{"line":43,"column":70}},"type":"if","locations":[{"start":{"line":43,"column":6},"end":{"line":43,"column":70}},{"start":{},"end":{}}]},"1":{"loc":{"start":{"line":56,"column":10},"end":{"line":56,"column":34}},"type":"binary-expr","locations":[{"start":{"line":56,"column":10},"end":{"line":56,"column":26}},{"start":{"line":56,"column":30},"end":{"line":56,"column":34}}]},"2":{"loc":{"start":{"line":57,"column":10},"end":{"line":57,"column":32}},"type":"binary-expr","locations":[{"start":{"line":57,"column":10},"end":{"line":57,"column":24}},{"start":{"line":57,"column":28},"end":{"line":57,"column":32}}]},"3":{"loc":{"start":{"line":58,"column":10},"end":{"line":58,"column":36}},"type":"binary-expr","locations":[{"start":{"line":58,"column":10},"end":{"line":58,"column":28}},{"start":{"line":58,"column":32},"end":{"line":58,"column":36}}]},"4":{"loc":{"start":{"line":66,"column":10},"end":{"line":66,"column":37}},"type":"cond-expr","locations":[{"start":{"line":66,"column":32},"end":{"line":66,"column":33}},{"start":{"line":66,"column":36},"end":{"line":66,"column":37}}]}},"s":{"0":1,"1":3,"2":2,"3":3,"4":3,"5":0,"6":3,"7":1,"8":1,"9":1},"f":{"0":3,"1":2,"2":3,"3":1},"b":{"0":[0,3],"1":[1,0],"2":[1,1],"3":[1,1],"4":[0,1]}}
,"C:\\Users\\luiz.rs\\Documents\\Projects\\glico-app\\src\\domain\\stats.ts": {"path":"C:\\Users\\luiz.rs\\Documents\\Projects\\glico-app\\src\\domain\\stats.ts","statementMap":{"0":{"start":{"line":19,"column":0},"end":{"line":19,"column":16}},"1":{"start":{"line":56,"column":0},"end":{"line":56,"column":16}},"2":{"start":{"line":20,"column":2},"end":{"line":22,"column":3}},"3":{"start":{"line":21,"column":4},"end":{"line":21,"column":99}},"4":{"start":{"line":23,"column":12},"end":{"line":23,"column":21}},"5":{"start":{"line":24,"column":16},"end":{"line":24,"column":17}},"6":{"start":{"line":24,"column":27},"end":{"line":24,"column":28}},"7":{"start":{"line":24,"column":38},"end":{"line":24,"column":39}},"8":{"start":{"line":24,"column":47},"end":{"line":24,"column":48}},"9":{"start":{"line":24,"column":62},"end":{"line":24,"column":63}},"10":{"start":{"line":25,"column":2},"end":{"line":31,"column":3}},"11":{"start":{"line":26,"column":4},"end":{"line":26,"column":23}},"12":{"start":{"line":27,"column":4},"end":{"line":29,"column":19}},"13":{"start":{"line":27,"column":35},"end":{"line":27,"column":43}},"14":{"start":{"line":28,"column":9},"end":{"line":29,"column":19}},"15":{"start":{"line":28,"column":41},"end":{"line":28,"column":49}},"16":{"start":{"line":29,"column":9},"end":{"line":29,"column":19}},"17":{"start":{"line":30,"column":4},"end":{"line":30,"column":47}},"18":{"start":{"line":30,"column":35},"end":{"line":30,"column":47}},"19":{"start":{"line":32,"column":15},"end":{"line":32,"column":22}},"20":{"start":{"line":33,"column":19},"end":{"line":33,"column":80}},"21":{"start":{"line":33,"column":41},"end":{"line":33,"column":72}},"22":{"start":{"line":34,"column":2},"end":{"line":42,"column":4}},"23":{"start":{"line":54,"column":33},"end":{"line":54,"column":62}},"24":{"start":{"line":57,"column":18},"end":{"line":62,"column":4}},"25":{"start":{"line":63,"column":2},"end":{"line":68,"column":3}},"26":{"start":{"line":64,"column":14},"end":{"line":64,"column":47}},"27":{"start":{"line":65,"column":14},"end":{"line":65,"column":85}},"28":{"start":{"line":66,"column":4},"end":{"line":66,"column":34}},"29":{"start":{"line":67,"column":4},"end":{"line":67,"column":26}},"30":{"start":{"line":69,"column":27},"end":{"line":71,"column":4}},"31":{"start":{"line":72,"column":2},"end":{"line":77,"column":3}},"32":{"start":{"line":73,"column":4},"end":{"line":76,"column":6}},"33":{"start":{"line":78,"column":2},"end":{"line":78,"column":13}}},"fnMap":{"0":{"name":"computeStats","decl":{"start":{"line":19,"column":16},"end":{"line":19,"column":28}},"loc":{"start":{"line":19,"column":67},"end":{"line":43,"column":1}}},"1":{"name":"(anonymous_1)","decl":{"start":{"line":33,"column":29},"end":{"line":33,"column":30}},"loc":{"start":{"line":33,"column":41},"end":{"line":33,"column":72}}},"2":{"name":"emptyBucket","decl":{"start":{"line":54,"column":9},"end":{"line":54,"column":20}},"loc":{"start":{"line":54,"column":20},"end":{"line":54,"column":64}}},"3":{"name":"bucketByTimeOfDay","decl":{"start":{"line":56,"column":16},"end":{"line":56,"column":33}},"loc":{"start":{"line":56,"column":51},"end":{"line":79,"column":1}}}},"branchMap":{"0":{"loc":{"start":{"line":20,"column":2},"end":{"line":22,"column":3}},"type":"if","locations":[{"start":{"line":20,"column":2},"end":{"line":22,"column":3}},{"start":{},"end":{}}]},"1":{"loc":{"start":{"line":27,"column":4},"end":{"line":29,"column":19}},"type":"if","locations":[{"start":{"line":27,"column":4},"end":{"line":29,"column":19}},{"start":{"line":28,"column":9},"end":{"line":29,"column":19}}]},"2":{"loc":{"start":{"line":28,"column":9},"end":{"line":29,"column":19}},"type":"if","locations":[{"start":{"line":28,"column":9},"end":{"line":29,"column":19}},{"start":{"line":29,"column":9},"end":{"line":29,"column":19}}]},"3":{"loc":{"start":{"line":30,"column":4},"end":{"line":30,"column":47}},"type":"if","locations":[{"start":{"line":30,"column":4},"end":{"line":30,"column":47}},{"start":{},"end":{}}]},"4":{"loc":{"start":{"line":65,"column":14},"end":{"line":65,"column":85}},"type":"cond-expr","locations":[{"start":{"line":65,"column":22},"end":{"line":65,"column":29}},{"start":{"line":65,"column":32},"end":{"line":65,"column":85}}]},"5":{"loc":{"start":{"line":65,"column":32},"end":{"line":65,"column":85}},"type":"cond-expr","locations":[{"start":{"line":65,"column":41},"end":{"line":65,"column":50}},{"start":{"line":65,"column":53},"end":{"line":65,"column":85}}]},"6":{"loc":{"start":{"line":65,"column":53},"end":{"line":65,"column":85}},"type":"cond-expr","locations":[{"start":{"line":65,"column":62},"end":{"line":65,"column":73}},{"start":{"line":65,"column":76},"end":{"line":65,"column":85}}]},"7":{"loc":{"start":{"line":75,"column":12},"end":{"line":75,"column":86}},"type":"cond-expr","locations":[{"start":{"line":75,"column":37},"end":{"line":75,"column":38}},{"start":{"line":75,"column":41},"end":{"line":75,"column":86}}]}},"s":{"0":1,"1":1,"2":4,"3":1,"4":3,"5":3,"6":3,"7":3,"8":3,"9":3,"10":3,"11":10,"12":10,"13":3,"14":7,"15":2,"16":5,"17":10,"18":3,"19":3,"20":3,"21":10,"22":3,"23":4,"24":1,"25":1,"26":3,"27":3,"28":3,"29":3,"30":1,"31":1,"32":4,"33":1},"f":{"0":4,"1":10,"2":4,"3":1},"b":{"0":[1,3],"1":[3,7],"2":[2,5],"3":[3,7],"4":[0,3],"5":[1,2],"6":[1,1],"7":[1,3]}}
,"C:\\Users\\luiz.rs\\Documents\\Projects\\glico-app\\src\\domain\\validators.ts": {"path":"C:\\Users\\luiz.rs\\Documents\\Projects\\glico-app\\src\\domain\\validators.ts","statementMap":{"0":{"start":{"line":4,"column":0},"end":{"line":4,"column":16}},"1":{"start":{"line":11,"column":0},"end":{"line":11,"column":16}},"2":{"start":{"line":15,"column":0},"end":{"line":15,"column":16}},"3":{"start":{"line":26,"column":0},"end":{"line":26,"column":16}},"4":{"start":{"line":5,"column":2},"end":{"line":5,"column":86}},"5":{"start":{"line":5,"column":32},"end":{"line":5,"column":86}},"6":{"start":{"line":6,"column":2},"end":{"line":6,"column":64}},"7":{"start":{"line":6,"column":18},"end":{"line":6,"column":64}},"8":{"start":{"line":7,"column":2},"end":{"line":7,"column":67}},"9":{"start":{"line":7,"column":19},"end":{"line":7,"column":67}},"10":{"start":{"line":8,"column":2},"end":{"line":8,"column":22}},"11":{"start":{"line":12,"column":2},"end":{"line":12,"column":35}},"12":{"start":{"line":16,"column":2},"end":{"line":16,"column":58}},"13":{"start":{"line":16,"column":17},"end":{"line":16,"column":58}},"14":{"start":{"line":17,"column":2},"end":{"line":17,"column":61}},"15":{"start":{"line":17,"column":19},"end":{"line":17,"column":61}},"16":{"start":{"line":19,"column":2},"end":{"line":21,"column":3}},"17":{"start":{"line":20,"column":4},"end":{"line":20,"column":60}},"18":{"start":{"line":22,"column":2},"end":{"line":22,"column":22}},"19":{"start":{"line":25,"column":17},"end":{"line":25,"column":27}},"20":{"start":{"line":27,"column":2},"end":{"line":27,"column":29}}},"fnMap":{"0":{"name":"validateMeasurement","decl":{"start":{"line":4,"column":16},"end":{"line":4,"column":35}},"loc":{"start":{"line":4,"column":49},"end":{"line":9,"column":1}}},"1":{"name":"needsConfirmation","decl":{"start":{"line":11,"column":16},"end":{"line":11,"column":33}},"loc":{"start":{"line":11,"column":47},"end":{"line":13,"column":1}}},"2":{"name":"validateInsulinUnits","decl":{"start":{"line":15,"column":16},"end":{"line":15,"column":36}},"loc":{"start":{"line":15,"column":50},"end":{"line":23,"column":1}}},"3":{"name":"isFutureTimestamp","decl":{"start":{"line":26,"column":16},"end":{"line":26,"column":33}},"loc":{"start":{"line":26,"column":70},"end":{"line":28,"column":1}}}},"branchMap":{"0":{"loc":{"start":{"line":5,"column":2},"end":{"line":5,"column":86}},"type":"if","locations":[{"start":{"line":5,"column":2},"end":{"line":5,"column":86}},{"start":{},"end":{}}]},"1":{"loc":{"start":{"line":6,"column":2},"end":{"line":6,"column":64}},"type":"if","locations":[{"start":{"line":6,"column":2},"end":{"line":6,"column":64}},{"start":{},"end":{}}]},"2":{"loc":{"start":{"line":7,"column":2},"end":{"line":7,"column":67}},"type":"if","locations":[{"start":{"line":7,"column":2},"end":{"line":7,"column":67}},{"start":{},"end":{}}]},"3":{"loc":{"start":{"line":12,"column":9},"end":{"line":12,"column":34}},"type":"binary-expr","locations":[{"start":{"line":12,"column":9},"end":{"line":12,"column":19}},{"start":{"line":12,"column":23},"end":{"line":12,"column":34}}]},"4":{"loc":{"start":{"line":16,"column":2},"end":{"line":16,"column":58}},"type":"if","locations":[{"start":{"line":16,"column":2},"end":{"line":16,"column":58}},{"start":{},"end":{}}]},"5":{"loc":{"start":{"line":17,"column":2},"end":{"line":17,"column":61}},"type":"if","locations":[{"start":{"line":17,"column":2},"end":{"line":17,"column":61}},{"start":{},"end":{}}]},"6":{"loc":{"start":{"line":19,"column":2},"end":{"line":21,"column":3}},"type":"if","locations":[{"start":{"line":19,"column":2},"end":{"line":21,"column":3}},{"start":{},"end":{}}]},"7":{"loc":{"start":{"line":26,"column":46},"end":{"line":26,"column":70}},"type":"default-arg","locations":[{"start":{"line":26,"column":60},"end":{"line":26,"column":70}}]}},"s":{"0":1,"1":1,"2":1,"3":1,"4":4,"5":1,"6":3,"7":1,"8":2,"9":1,"10":1,"11":3,"12":6,"13":1,"14":5,"15":1,"16":4,"17":1,"18":3,"19":1,"20":3},"f":{"0":4,"1":3,"2":6,"3":3},"b":{"0":[1,3],"1":[1,2],"2":[1,1],"3":[3,2],"4":[1,5],"5":[1,4],"6":[1,3],"7":[3]}}
,"C:\\Users\\luiz.rs\\Documents\\Projects\\glico-app\\src\\notifications\\deeplink.ts": {"path":"C:\\Users\\luiz.rs\\Documents\\Projects\\glico-app\\src\\notifications\\deeplink.ts","statementMap":{"0":{"start":{"line":11,"column":0},"end":{"line":11,"column":16}},"1":{"start":{"line":3,"column":41},"end":{"line":3,"column":118}},"2":{"start":{"line":4,"column":33},"end":{"line":4,"column":74}},"3":{"start":{"line":12,"column":27},"end":{"line":12,"column":29}},"4":{"start":{"line":13,"column":14},"end":{"line":13,"column":30}},"5":{"start":{"line":14,"column":2},"end":{"line":14,"column":29}},"6":{"start":{"line":14,"column":18},"end":{"line":14,"column":29}},"7":{"start":{"line":15,"column":13},"end":{"line":15,"column":31}},"8":{"start":{"line":16,"column":17},"end":{"line":16,"column":40}},"9":{"start":{"line":17,"column":14},"end":{"line":17,"column":35}},"10":{"start":{"line":18,"column":2},"end":{"line":18,"column":93}},"11":{"start":{"line":18,"column":57},"end":{"line":18,"column":93}},"12":{"start":{"line":19,"column":15},"end":{"line":19,"column":33}},"13":{"start":{"line":20,"column":2},"end":{"line":20,"column":90}},"14":{"start":{"line":20,"column":56},"end":{"line":20,"column":90}},"15":{"start":{"line":21,"column":2},"end":{"line":21,"column":13}}},"fnMap":{"0":{"name":"parseLogDeepLink","decl":{"start":{"line":11,"column":16},"end":{"line":11,"column":32}},"loc":{"start":{"line":11,"column":44},"end":{"line":22,"column":1}}}},"branchMap":{"0":{"loc":{"start":{"line":14,"column":2},"end":{"line":14,"column":29}},"type":"if","locations":[{"start":{"line":14,"column":2},"end":{"line":14,"column":29}},{"start":{},"end":{}}]},"1":{"loc":{"start":{"line":18,"column":2},"end":{"line":18,"column":93}},"type":"if","locations":[{"start":{"line":18,"column":2},"end":{"line":18,"column":93}},{"start":{},"end":{}}]},"2":{"loc":{"start":{"line":18,"column":6},"end":{"line":18,"column":55}},"type":"binary-expr","locations":[{"start":{"line":18,"column":6},"end":{"line":18,"column":9}},{"start":{"line":18,"column":14},"end":{"line":18,"column":55}}]},"3":{"loc":{"start":{"line":20,"column":2},"end":{"line":20,"column":90}},"type":"if","locations":[{"start":{"line":20,"column":2},"end":{"line":20,"column":90}},{"start":{},"end":{}}]},"4":{"loc":{"start":{"line":20,"column":6},"end":{"line":20,"column":54}},"type":"binary-expr","locations":[{"start":{"line":20,"column":6},"end":{"line":20,"column":10}},{"start":{"line":20,"column":15},"end":{"line":20,"column":54}}]}},"s":{"0":1,"1":1,"2":1,"3":3,"4":3,"5":3,"6":1,"7":2,"8":2,"9":2,"10":2,"11":2,"12":2,"13":2,"14":1,"15":2},"f":{"0":3},"b":{"0":[1,2],"1":[2,0],"2":[2,2],"3":[1,1],"4":[2,1]}}
,"C:\\Users\\luiz.rs\\Documents\\Projects\\glico-app\\src\\notifications\\silencer.ts": {"path":"C:\\Users\\luiz.rs\\Documents\\Projects\\glico-app\\src\\notifications\\silencer.ts","statementMap":{"0":{"start":{"line":3,"column":0},"end":{"line":3,"column":16}},"1":{"start":{"line":8,"column":17},"end":{"line":8,"column":42}},"2":{"start":{"line":9,"column":15},"end":{"line":9,"column":37}},"3":{"start":{"line":10,"column":13},"end":{"line":10,"column":35}},"4":{"start":{"line":11,"column":2},"end":{"line":11,"column":72}},"5":{"start":{"line":11,"column":28},"end":{"line":11,"column":70}}},"fnMap":{"0":{"name":"shouldSilence","decl":{"start":{"line":3,"column":16},"end":{"line":3,"column":29}},"loc":{"start":{"line":6,"column":23},"end":{"line":12,"column":1}}},"1":{"name":"(anonymous_1)","decl":{"start":{"line":11,"column":21},"end":{"line":11,"column":22}},"loc":{"start":{"line":11,"column":28},"end":{"line":11,"column":70}}}},"branchMap":{"0":{"loc":{"start":{"line":11,"column":28},"end":{"line":11,"column":70}},"type":"binary-expr","locations":[{"start":{"line":11,"column":28},"end":{"line":11,"column":48}},{"start":{"line":11,"column":52},"end":{"line":11,"column":70}}]}},"s":{"0":1,"1":3,"2":3,"3":3,"4":3,"5":2},"f":{"0":3,"1":2},"b":{"0":[2,1]}}
,"C:\\Users\\luiz.rs\\Documents\\Projects\\glico-app\\tests\\helpers\\sqliteAdapter.ts": {"path":"C:\\Users\\luiz.rs\\Documents\\Projects\\glico-app\\tests\\helpers\\sqliteAdapter.ts","statementMap":{"0":{"start":{"line":11,"column":0},"end":{"line":11,"column":16}},"1":{"start":{"line":12,"column":2},"end":{"line":20,"column":4}},"2":{"start":{"line":13,"column":21},"end":{"line":13,"column":35}},"3":{"start":{"line":15,"column":16},"end":{"line":15,"column":62}},"4":{"start":{"line":16,"column":6},"end":{"line":16,"column":80}},"5":{"start":{"line":18,"column":31},"end":{"line":18,"column":86}},"6":{"start":{"line":19,"column":31},"end":{"line":19,"column":86}}},"fnMap":{"0":{"name":"adapt","decl":{"start":{"line":11,"column":16},"end":{"line":11,"column":21}},"loc":{"start":{"line":11,"column":44},"end":{"line":21,"column":1}}},"1":{"name":"(anonymous_1)","decl":{"start":{"line":13,"column":10},"end":{"line":13,"column":11}},"loc":{"start":{"line":13,"column":18},"end":{"line":13,"column":37}}},"2":{"name":"(anonymous_2)","decl":{"start":{"line":14,"column":9},"end":{"line":14,"column":10}},"loc":{"start":{"line":14,"column":30},"end":{"line":17,"column":5}}},"3":{"name":"(anonymous_3)","decl":{"start":{"line":18,"column":9},"end":{"line":18,"column":10}},"loc":{"start":{"line":18,"column":31},"end":{"line":18,"column":86}}},"4":{"name":"(anonymous_4)","decl":{"start":{"line":19,"column":9},"end":{"line":19,"column":10}},"loc":{"start":{"line":19,"column":31},"end":{"line":19,"column":86}}}},"branchMap":{"0":{"loc":{"start":{"line":14,"column":15},"end":{"line":14,"column":26}},"type":"default-arg","locations":[{"start":{"line":14,"column":24},"end":{"line":14,"column":26}}]},"1":{"loc":{"start":{"line":18,"column":15},"end":{"line":18,"column":26}},"type":"default-arg","locations":[{"start":{"line":18,"column":24},"end":{"line":18,"column":26}}]},"2":{"loc":{"start":{"line":19,"column":15},"end":{"line":19,"column":26}},"type":"default-arg","locations":[{"start":{"line":19,"column":24},"end":{"line":19,"column":26}}]}},"s":{"0":6,"1":36,"2":252,"3":156,"4":156,"5":88,"6":19},"f":{"0":36,"1":252,"2":156,"3":88,"4":19},"b":{"0":[0],"1":[56],"2":[11]}}
}
