TN:
SF:src\crypto\backup.ts
FN:12,deriveKey
FN:13,(anonymous_1)
FN:14,(anonymous_2)
FN:21,encryptBackup
FN:40,decryptBackup
FNF:5
FNH:5
FNDA:4,deriveKey
FNDA:4,(anonymous_1)
FNDA:4,(anonymous_2)
FNDA:2,encryptBackup
FNDA:2,decryptBackup
DA:1,1
DA:3,1
DA:4,1
DA:5,1
DA:6,1
DA:7,1
DA:13,4
DA:14,4
DA:15,4
DA:16,4
DA:21,1
DA:22,2
DA:23,2
DA:24,2
DA:25,2
DA:26,2
DA:27,2
DA:28,2
DA:29,2
DA:30,2
DA:31,2
DA:40,1
DA:41,2
DA:42,2
DA:43,2
DA:44,2
DA:45,2
DA:46,2
DA:47,2
DA:48,2
DA:51,2
DA:52,2
DA:53,2
DA:54,1
DA:55,1
LF:35
LH:35
BRDA:15,0,0,0
BRDA:15,0,1,4
BRDA:15,1,0,4
BRDA:15,1,1,4
BRDA:15,2,0,0
BRDA:15,2,1,0
BRDA:42,3,0,0
BRDA:42,3,1,2
BRDA:42,4,0,2
BRDA:42,4,1,2
BRF:10
BRH:6
end_of_record
TN:
SF:src\db\migrations.ts
FN:11,getCurrentVersion
FN:20,runMigrations
FNF:2
FNH:2
FNDA:39,getCurrentVersion
FNDA:37,runMigrations
DA:2,6
DA:11,6
DA:12,39
DA:13,39
DA:14,3
DA:16,36
DA:20,6
DA:21,37
DA:22,37
DA:23,252
DA:24,36
LF:11
LH:11
BRDA:14,0,0,3
BRDA:14,0,1,0
BRDA:22,1,0,36
BRDA:22,1,1,1
BRF:4
BRH:3
end_of_record
TN:
SF:src\db\schema.ts
FNF:0
FNH:0
DA:2,6
DA:68,6
LF:2
LH:2
BRF:0
BRH:0
end_of_record
TN:
SF:src\db\seed.ts
FN:13,seedDefaults
FNF:1
FNH:1
FNDA:12,seedDefaults
DA:4,2
DA:13,2
DA:14,12
DA:15,12
DA:16,11
DA:17,11
DA:18,66
LF:7
LH:7
BRDA:15,0,0,1
BRDA:15,0,1,11
BRDA:15,1,0,12
BRDA:15,1,1,0
BRF:4
BRH:3
end_of_record
TN:
SF:src\domain\hypo.ts
FN:18,toDomain
FN:43,hypoRepo
FN:45,(anonymous_2)
FN:68,(anonymous_3)
FN:74,(anonymous_4)
FN:78,(anonymous_5)
FN:82,(anonymous_6)
FNF:7
FNH:7
FNDA:2,toDomain
FNDA:6,hypoRepo
FNDA:5,(anonymous_2)
FNDA:1,(anonymous_3)
FNDA:2,(anonymous_4)
FNDA:2,(anonymous_5)
FNDA:3,(anonymous_6)
DA:19,2
DA:43,1
DA:44,6
DA:46,5
DA:47,5
DA:52,5
DA:53,5
DA:66,5
DA:69,1
DA:75,2
DA:76,2
DA:79,2
DA:80,2
DA:83,3
DA:88,3
LF:15
LH:15
BRDA:22,0,0,2
BRDA:22,0,1,0
BRDA:59,1,0,5
BRDA:59,1,1,4
BRDA:60,2,0,5
BRDA:60,2,1,4
BRDA:61,3,0,5
BRDA:61,3,1,5
BRDA:62,4,0,5
BRDA:62,4,1,5
BRDA:76,5,0,1
BRDA:76,5,1,1
BRDA:80,6,0,1
BRDA:80,6,1,1
BRDA:88,7,0,3
BRDA:88,7,1,0
BRF:16
BRH:14
end_of_record
TN:
SF:src\domain\insulin.ts
FN:17,toDomain
FN:40,insulinRepo
FN:42,(anonymous_2)
FN:50,(anonymous_3)
FN:53,(anonymous_4)
FN:56,(anonymous_5)
FN:67,(anonymous_6)
FN:76,(anonymous_7)
FN:85,(anonymous_8)
FNF:9
FNH:9
FNDA:4,toDomain
FNDA:8,insulinRepo
FNDA:14,(anonymous_2)
FNDA:3,(anonymous_3)
FNDA:1,(anonymous_4)
FNDA:3,(anonymous_5)
FNDA:3,(anonymous_6)
FNDA:1,(anonymous_7)
FNDA:3,(anonymous_8)
DA:18,4
DA:40,1
DA:41,8
DA:43,14
DA:48,14
DA:51,3
DA:54,1
DA:57,3
DA:58,3
DA:59,3
DA:65,3
DA:68,3
DA:74,3
DA:77,1
DA:83,1
DA:86,3
DA:87,3
DA:93,3
DA:94,3
DA:95,3
LF:20
LH:20
BRDA:46,0,0,14
BRDA:46,0,1,10
BRDA:46,1,0,14
BRDA:46,1,1,11
BRDA:46,2,0,14
BRDA:46,2,1,14
BRDA:74,3,0,3
BRDA:74,3,1,1
BRDA:93,4,0,3
BRDA:93,4,1,1
BRDA:94,5,0,3
BRDA:94,5,1,0
BRDA:98,6,0,3
BRDA:98,6,1,0
BRF:14
BRH:12
end_of_record
TN:
SF:src\domain\measurement.ts
FN:17,toDomain
FN:39,measurementRepo
FN:41,(anonymous_2)
FN:50,(anonymous_3)
FN:53,(anonymous_4)
FN:56,(anonymous_5)
FN:61,(anonymous_6)
FN:70,(anonymous_7)
FN:74,(anonymous_8)
FN:82,(anonymous_9)
FN:88,(anonymous_10)
FN:97,(anonymous_11)
FNF:12
FNH:12
FNDA:10,toDomain
FNDA:11,measurementRepo
FNDA:12,(anonymous_2)
FNDA:2,(anonymous_3)
FNDA:1,(anonymous_4)
FNDA:3,(anonymous_5)
FNDA:4,(anonymous_6)
FNDA:5,(anonymous_7)
FNDA:2,(anonymous_8)
FNDA:1,(anonymous_9)
FNDA:3,(anonymous_10)
FNDA:2,(anonymous_11)
DA:18,10
DA:39,2
DA:40,11
DA:42,12
DA:43,12
DA:48,12
DA:51,2
DA:54,1
DA:57,3
DA:58,3
DA:59,3
DA:62,4
DA:68,4
DA:71,5
DA:72,5
DA:75,2
DA:80,2
DA:83,1
DA:86,1
DA:89,3
DA:95,3
DA:98,2
DA:99,2
DA:100,1
LF:24
LH:24
BRDA:23,0,0,10
BRDA:23,0,1,9
BRDA:46,1,0,12
BRDA:46,1,1,11
BRDA:46,2,0,12
BRDA:46,2,1,12
BRDA:72,3,0,3
BRDA:72,3,1,2
BRDA:80,4,0,2
BRDA:80,4,1,0
BRDA:86,5,0,1
BRDA:86,5,1,0
BRDA:95,6,0,2
BRDA:95,6,1,1
BRDA:99,7,0,1
BRDA:99,7,1,1
BRDA:103,8,0,1
BRDA:103,8,1,0
BRDA:104,9,0,1
BRDA:104,9,1,0
BRDA:105,10,0,1
BRDA:105,10,1,0
BRDA:106,11,0,0
BRDA:106,11,1,1
BRF:24
BRH:18
end_of_record
TN:
SF:src\domain\reminder.ts
FN:16,toDomain
FN:38,reminderRepo
FN:40,(anonymous_2)
FN:43,(anonymous_3)
FN:46,(anonymous_4)
FN:50,(anonymous_5)
FN:66,(anonymous_6)
FN:83,(anonymous_7)
FN:86,(anonymous_8)
FNF:9
FNH:9
FNDA:60,toDomain
FNDA:7,reminderRepo
FNDA:8,(anonymous_2)
FNDA:1,(anonymous_3)
FNDA:9,(anonymous_4)
FNDA:1,(anonymous_5)
FNDA:4,(anonymous_6)
FNDA:1,(anonymous_7)
FNDA:1,(anonymous_8)
DA:17,60
DA:38,1
DA:39,7
DA:41,8
DA:44,1
DA:47,9
DA:48,9
DA:51,1
DA:64,1
DA:67,4
DA:68,4
DA:69,3
DA:84,1
DA:87,1
LF:14
LH:14
BRDA:21,0,0,60
BRDA:21,0,1,2
BRDA:48,1,0,7
BRDA:48,1,1,2
BRDA:57,2,0,1
BRDA:57,2,1,1
BRDA:58,3,0,1
BRDA:58,3,1,1
BRDA:59,4,0,1
BRDA:59,4,1,1
BRDA:60,5,0,0
BRDA:60,5,1,1
BRDA:68,6,0,1
BRDA:68,6,1,3
BRDA:73,7,0,3
BRDA:73,7,1,1
BRDA:74,8,0,3
BRDA:74,8,1,2
BRDA:75,9,0,3
BRDA:75,9,1,3
BRDA:76,10,0,3
BRDA:76,10,1,3
BRDA:77,11,0,3
BRDA:77,11,1,3
BRDA:78,12,0,2
BRDA:78,12,1,1
BRDA:78,13,0,2
BRDA:78,13,1,0
BRDA:78,14,0,0
BRDA:78,14,1,1
BRDA:84,15,0,0
BRDA:84,15,1,1
BRF:32
BRH:28
end_of_record
TN:
SF:src\domain\settings.ts
FN:21,toDomain
FN:39,settingsRepo
FN:41,(anonymous_2)
FN:46,(anonymous_3)
FNF:4
FNH:4
FNDA:3,toDomain
FNDA:2,settingsRepo
FNDA:3,(anonymous_2)
FNDA:1,(anonymous_3)
DA:22,3
DA:39,1
DA:40,2
DA:42,3
DA:43,3
DA:44,3
DA:47,1
DA:48,1
DA:49,1
LF:9
LH:9
BRDA:43,0,0,0
BRDA:43,0,1,3
BRDA:56,1,0,1
BRDA:56,1,1,0
BRDA:57,2,0,1
BRDA:57,2,1,1
BRDA:58,3,0,1
BRDA:58,3,1,1
BRDA:66,4,0,0
BRDA:66,4,1,1
BRF:10
BRH:7
end_of_record
TN:
SF:src\domain\stats.ts
FN:19,computeStats
FN:33,(anonymous_1)
FN:54,emptyBucket
FN:56,bucketByTimeOfDay
FNF:4
FNH:4
FNDA:4,computeStats
FNDA:10,(anonymous_1)
FNDA:4,emptyBucket
FNDA:1,bucketByTimeOfDay
DA:19,1
DA:20,4
DA:21,1
DA:23,3
DA:24,3
DA:25,3
DA:26,10
DA:27,10
DA:28,7
DA:29,5
DA:30,10
DA:32,3
DA:33,10
DA:34,3
DA:54,4
DA:56,1
DA:57,1
DA:63,1
DA:64,3
DA:65,3
DA:66,3
DA:67,3
DA:69,1
DA:72,1
DA:73,4
DA:78,1
LF:26
LH:26
BRDA:20,0,0,1
BRDA:20,0,1,3
BRDA:27,1,0,3
BRDA:27,1,1,7
BRDA:28,2,0,2
BRDA:28,2,1,5
BRDA:30,3,0,3
BRDA:30,3,1,7
BRDA:65,4,0,0
BRDA:65,4,1,3
BRDA:65,5,0,1
BRDA:65,5,1,2
BRDA:65,6,0,1
BRDA:65,6,1,1
BRDA:75,7,0,1
BRDA:75,7,1,3
BRF:16
BRH:15
end_of_record
TN:
SF:src\domain\validators.ts
FN:4,validateMeasurement
FN:11,needsConfirmation
FN:15,validateInsulinUnits
FN:26,isFutureTimestamp
FNF:4
FNH:4
FNDA:4,validateMeasurement
FNDA:3,needsConfirmation
FNDA:6,validateInsulinUnits
FNDA:3,isFutureTimestamp
DA:4,1
DA:5,4
DA:6,3
DA:7,2
DA:8,1
DA:11,1
DA:12,3
DA:15,1
DA:16,6
DA:17,5
DA:19,4
DA:20,1
DA:22,3
DA:25,1
DA:26,1
DA:27,3
LF:16
LH:16
BRDA:5,0,0,1
BRDA:5,0,1,3
BRDA:6,1,0,1
BRDA:6,1,1,2
BRDA:7,2,0,1
BRDA:7,2,1,1
BRDA:12,3,0,3
BRDA:12,3,1,2
BRDA:16,4,0,1
BRDA:16,4,1,5
BRDA:17,5,0,1
BRDA:17,5,1,4
BRDA:19,6,0,1
BRDA:19,6,1,3
BRDA:26,7,0,3
BRF:15
BRH:15
end_of_record
TN:
SF:src\notifications\deeplink.ts
FN:11,parseLogDeepLink
FNF:1
FNH:1
FNDA:3,parseLogDeepLink
DA:3,1
DA:4,1
DA:11,1
DA:12,3
DA:13,3
DA:14,3
DA:15,2
DA:16,2
DA:17,2
DA:18,2
DA:19,2
DA:20,2
DA:21,2
LF:13
LH:13
BRDA:14,0,0,1
BRDA:14,0,1,2
BRDA:18,1,0,2
BRDA:18,1,1,0
BRDA:18,2,0,2
BRDA:18,2,1,2
BRDA:20,3,0,1
BRDA:20,3,1,1
BRDA:20,4,0,2
BRDA:20,4,1,1
BRF:10
BRH:9
end_of_record
TN:
SF:src\notifications\silencer.ts
FN:3,shouldSilence
FN:11,(anonymous_1)
FNF:2
FNH:2
FNDA:3,shouldSilence
FNDA:2,(anonymous_1)
DA:3,1
DA:8,3
DA:9,3
DA:10,3
DA:11,3
LF:5
LH:5
BRDA:11,0,0,2
BRDA:11,0,1,1
BRF:2
BRH:2
end_of_record
TN:
SF:tests\helpers\sqliteAdapter.ts
FN:11,adapt
FN:13,(anonymous_1)
FN:14,(anonymous_2)
FN:18,(anonymous_3)
FN:19,(anonymous_4)
FNF:5
FNH:5
FNDA:36,adapt
FNDA:252,(anonymous_1)
FNDA:156,(anonymous_2)
FNDA:88,(anonymous_3)
FNDA:19,(anonymous_4)
DA:11,6
DA:12,36
DA:13,252
DA:15,156
DA:16,156
DA:18,88
DA:19,19
LF:7
LH:7
BRDA:14,0,0,0
BRDA:18,1,0,56
BRDA:19,2,0,11
BRF:3
BRH:2
end_of_record
